Exporter version: 2.80.0, Blender version: 2.91.0
========= Conversion from Blender to Babylon.js =========
	Scene settings used :
		Inline textures     :  true
		Material Type       :  PBR
		Positions Precision :  4
		Normals Precision   :  3
		UVs Precision       :  3
		Vert Color Precision:  3
		Mat Weight Precision:  2
		Keep Z-up r-handed  :  no
	Python World class constructor completed
	WARNING: No active camera has been assigned, or is not in a currently selected Blender layer
	processing begun of node:  Light
	processing begun of node:  Camera
	processing begun of mesh:  tesla.001
		processing begun of material:  Default OBJ.001
			WARNING: unsupported node type(ShaderNodeMath) will trigger baking
			WARNING: Roughness channel baking required, but not possible, ignored
			processing texture Default_OBJ_Metallic
				texture type:  metallicTexture, mapped using: "UVMap"
			processing texture Default_OBJ_Metallic
				texture type:  value not meaningful 2, mapped using: "UVMap"
			bake time:  0 min, 1.0921 secs
		Custom split normals with tangents being used
		num positions      :  261717
		num normals        :  261717
		num tangents       :  1046868
		num uvs            :  523434
		num uvs2           :  0
		num colors         :  0
		num triangles      :  364748
========= Writing of JSON file started =========
	writing mesh:  tesla.001
========= Writing of JSON file completed =========
========= end of processing =========
elapsed time:  0 min, 38.4525 secs
